#
# There is insufficient memory for the Java Runtime Environment to continue.
# Native memory allocation (mmap) failed to map 528482304 bytes for G1 virtual space
# Possible reasons:
#   The system is out of physical RAM or swap space
#   The process is running with CompressedOops enabled, and the Java Heap may be blocking the growth of the native heap
# Possible solutions:
#   Reduce memory load on the system
#   Increase physical memory or swap space
#   Check if swap backing store is full
#   Decrease Java heap size (-Xmx/-Xms)
#   Decrease number of Java threads
#   Decrease Java thread stack sizes (-Xss)
#   Set larger code cache with -XX:ReservedCodeCacheSize=
#   JVM is running with Zero Based Compressed Oops mode in which the Java heap is
#     placed in the first 32GB address space. The Java Heap base address is the
#     maximum limit for the native heap growth. Please use -XX:HeapBaseMinAddress
#     to set the Java Heap base and to place the Java Heap above 32GB virtual address.
# This output file may be truncated or incomplete.
#
#  Out of Memory Error (os_windows.cpp:3600), pid=33004, tid=40584
#
# JRE version:  (21.0.4+8) (build )
# Java VM: Java HotSpot(TM) 64-Bit Server VM (21.0.4+8-LTS-jvmci-23.1-b41, mixed mode, sharing, tiered, jvmci, jvmci compiler, compressed oops, compressed class ptrs, g1 gc, windows-amd64)
# No core dump will be written. Minidumps are not enabled by default on client versions of Windows
#

---------------  S U M M A R Y ------------

Command Line: -XX:ThreadPriorityPolicy=1 -XX:+UnlockExperimentalVMOptions -XX:+EnableJVMCIProduct -XX:-UnlockExperimentalVMOptions -javaagent:D:\IntelliJ IDEA Community Edition 2023.3.4\lib\idea_rt.jar=54343:D:\IntelliJ IDEA Community Edition 2023.3.4\bin -Dfile.encoding=UTF-8 -Dsun.stdout.encoding=UTF-8 -Dsun.stderr.encoding=UTF-8 com.petregisterofequipmentnew.PetregisterofequipmentnewApplication

Host: AMD Ryzen 9 6900HX with Radeon Graphics        , 16 cores, 31G,  Windows 11 , 64 bit Build 22621 (10.0.22621.4391)
Time: Fri Nov 22 16:48:49 2024 RTZ 2 (s 11 , 64 bit Build 22621 (10.0.22621.4391) elapsed time: 0.008384 seconds (0d 0h 0m 0s)

---------------  T H R E A D  ---------------

Current thread (0x000001fe1eb7baf0):  JavaThread "Unknown thread" [_thread_in_vm, id=40584, stack(0x00000040ed400000,0x00000040ed500000) (1024K)]

Stack: [0x00000040ed400000,0x00000040ed500000]
Native frames: (J=compiled Java code, j=interpreted, Vv=VM code, C=native code)
V  [jvm.dll+0x6d27a9]
V  [jvm.dll+0x85cad1]
V  [jvm.dll+0x85effe]
V  [jvm.dll+0x85f6d3]
V  [jvm.dll+0x27d816]
V  [jvm.dll+0x6cef45]
V  [jvm.dll+0x6c3aca]
V  [jvm.dll+0x352d7a]
V  [jvm.dll+0x35a9d6]
V  [jvm.dll+0x3ad09e]
V  [jvm.dll+0x3ad348]
V  [jvm.dll+0x3270dc]
V  [jvm.dll+0x327c3b]
V  [jvm.dll+0x825eb9]
V  [jvm.dll+0x3b9d01]
V  [jvm.dll+0x80f298]
V  [jvm.dll+0x44ef4e]
V  [jvm.dll+0x450b41]
C  [jli.dll+0x52a3]
C  [ucrtbase.dll+0x29333]
C  [KERNEL32.DLL+0x1259d]
C  [ntdll.dll+0x5af38]


---------------  P R O C E S S  ---------------

Threads class SMR info:
_java_thread_list=0x00007ff80f59fc08, length=0, elements={
}

Java Threads: ( => current thread )
Total: 0

Other Threads:
  0x000001fe440ef940 WorkerThread "GC Thread#0"                     [id=42660, stack(0x00000040ed500000,0x00000040ed600000) (1024K)]
  0x000001fe20de04a0 ConcurrentGCThread "G1 Main Marker"            [id=6572, stack(0x00000040ed600000,0x00000040ed700000) (1024K)]
  0x000001fe20de0eb0 WorkerThread "G1 Conc#0"                       [id=36968, stack(0x00000040ed700000,0x00000040ed800000) (1024K)]

[error occurred during error reporting (printing all threads), id 0xc0000005, EXCEPTION_ACCESS_VIOLATION (0xc0000005) at pc=0x00007ff80ed09867]
VM state: not at safepoint (not fully initialized)

VM Mutex/Monitor currently owned by a thread:  ([mutex/lock_event])
[0x00007ff80f610ff8] Heap_lock - owner thread: 0x000001fe1eb7baf0

Heap address: 0x000000060bc00000, size: 8004 MB, Compressed Oops mode: Zero based, Oop shift amount: 3

CDS archive(s) mapped at: [0x0000000000000000-0x0000000000000000-0x0000000000000000), size 0, SharedBaseAddress: 0x0000000800000000, ArchiveRelocationMode: 1.
Narrow klass base: 0x0000000000000000, Narrow klass shift: 0, Narrow klass range: 0x0

GC Precious Log:
 CardTable entry size: 512
 Card Set container configuration: InlinePtr #cards 4 size 8 Array Of Cards #cards 32 size 80 Howl #buckets 8 coarsen threshold 7372 Howl Bitmap #cards 1024 size 144 coarsen threshold 921 Card regions per heap region 1 cards per card region 8192

Heap:
 garbage-first heap   total 0K, used 0K [0x000000060bc00000, 0x0000000800000000)
  region size 4096K, 0 young (0K), 0 survivors (0K)

[error occurred during error reporting (printing heap information), id 0xc0000005, EXCEPTION_ACCESS_VIOLATION (0xc0000005) at pc=0x00007ff80f0fb749]
GC Heap History (0 events):
No events

Dll operation events (1 events):
Event: 0.005 Loaded shared library C:\Users\vadim\.jdks\graalvm-jdk-21.0.4\bin\java.dll

Deoptimization events (0 events):
No events

Classes loaded (0 events):
No events

Classes unloaded (0 events):
No events

Classes redefined (0 events):
No events

Internal exceptions (0 events):
No events

ZGC Phase Switch (0 events):
No events

VM Operations (0 events):
No events

Events (0 events):
No events


Dynamic libraries:
0x00007ff67e740000 - 0x00007ff67e750000 	C:\Users\vadim\.jdks\graalvm-jdk-21.0.4\bin\java.exe
0x00007ff8c9250000 - 0x00007ff8c9467000 	C:\Windows\SYSTEM32\ntdll.dll
0x00007ff8c7e70000 - 0x00007ff8c7f34000 	C:\Windows\System32\KERNEL32.DLL
0x00007ff8c6760000 - 0x00007ff8c6b19000 	C:\Windows\System32\KERNELBASE.dll
0x00007ff8c6580000 - 0x00007ff8c6691000 	C:\Windows\System32\ucrtbase.dll
0x00007ff89c390000 - 0x00007ff89c3a9000 	C:\Users\vadim\.jdks\graalvm-jdk-21.0.4\bin\jli.dll
0x00007ff886e10000 - 0x00007ff886e2b000 	C:\Users\vadim\.jdks\graalvm-jdk-21.0.4\bin\VCRUNTIME140.dll
0x00007ff8c8f60000 - 0x00007ff8c9012000 	C:\Windows\System32\ADVAPI32.dll
0x00007ff8c7dc0000 - 0x00007ff8c7e67000 	C:\Windows\System32\msvcrt.dll
0x00007ff8c8eb0000 - 0x00007ff8c8f57000 	C:\Windows\System32\sechost.dll
0x00007ff8c6550000 - 0x00007ff8c6578000 	C:\Windows\System32\bcrypt.dll
0x00007ff8c7a80000 - 0x00007ff8c7b94000 	C:\Windows\System32\RPCRT4.dll
0x00007ff8c7c00000 - 0x00007ff8c7dae000 	C:\Windows\System32\USER32.dll
0x00007ff8c6b20000 - 0x00007ff8c6b46000 	C:\Windows\System32\win32u.dll
0x00007ff8b2950000 - 0x00007ff8b2be2000 	C:\Windows\WinSxS\amd64_microsoft.windows.common-controls_6595b64144ccf1df_6.0.22621.4391_none_2715d37f73803e96\COMCTL32.dll
0x00007ff8c7f60000 - 0x00007ff8c7f89000 	C:\Windows\System32\GDI32.dll
0x00007ff8c6dd0000 - 0x00007ff8c6eeb000 	C:\Windows\System32\gdi32full.dll
0x00007ff8c6b50000 - 0x00007ff8c6bea000 	C:\Windows\System32\msvcp_win.dll
0x00007ff8bea00000 - 0x00007ff8bea0a000 	C:\Windows\SYSTEM32\VERSION.dll
0x00007ff8c8020000 - 0x00007ff8c8051000 	C:\Windows\System32\IMM32.DLL
0x00007ff89c380000 - 0x00007ff89c38c000 	C:\Users\vadim\.jdks\graalvm-jdk-21.0.4\bin\vcruntime140_1.dll
0x00007ff866b40000 - 0x00007ff866bce000 	C:\Users\vadim\.jdks\graalvm-jdk-21.0.4\bin\msvcp140.dll
0x00007ff80e9d0000 - 0x00007ff80f6ec000 	C:\Users\vadim\.jdks\graalvm-jdk-21.0.4\bin\server\jvm.dll
0x00007ff8c6f70000 - 0x00007ff8c6fe1000 	C:\Windows\System32\WS2_32.dll
0x00007ff8c6420000 - 0x00007ff8c646d000 	C:\Windows\SYSTEM32\POWRPROF.dll
0x00007ff8bb1f0000 - 0x00007ff8bb224000 	C:\Windows\SYSTEM32\WINMM.dll
0x00007ff8c6400000 - 0x00007ff8c6413000 	C:\Windows\SYSTEM32\UMPDC.dll
0x00007ff8c5550000 - 0x00007ff8c5568000 	C:\Windows\SYSTEM32\kernel.appcore.dll
0x00007ff897930000 - 0x00007ff89793a000 	C:\Users\vadim\.jdks\graalvm-jdk-21.0.4\bin\jimage.dll
0x00007ff8c3990000 - 0x00007ff8c3bc2000 	C:\Windows\SYSTEM32\DBGHELP.DLL
0x00007ff8c8210000 - 0x00007ff8c859f000 	C:\Windows\System32\combase.dll
0x00007ff8c9130000 - 0x00007ff8c9207000 	C:\Windows\System32\OLEAUT32.dll
0x00007ff8bd820000 - 0x00007ff8bd852000 	C:\Windows\SYSTEM32\dbgcore.DLL
0x00007ff8c6ef0000 - 0x00007ff8c6f6b000 	C:\Windows\System32\bcryptPrimitives.dll
0x00007ff8bd950000 - 0x00007ff8bd95f000 	C:\Users\vadim\.jdks\graalvm-jdk-21.0.4\bin\instrument.dll
0x00007ff882030000 - 0x00007ff88204f000 	C:\Users\vadim\.jdks\graalvm-jdk-21.0.4\bin\java.dll

dbghelp: loaded successfully - version: 4.0.5 - missing functions: none
symbol engine: initialized successfully - sym options: 0x614 - pdb path: .;C:\Users\vadim\.jdks\graalvm-jdk-21.0.4\bin;C:\Windows\SYSTEM32;C:\Windows\WinSxS\amd64_microsoft.windows.common-controls_6595b64144ccf1df_6.0.22621.4391_none_2715d37f73803e96;C:\Users\vadim\.jdks\graalvm-jdk-21.0.4\bin\server

VM Arguments:
jvm_args: -XX:ThreadPriorityPolicy=1 -XX:+UnlockExperimentalVMOptions -XX:+EnableJVMCIProduct -XX:-UnlockExperimentalVMOptions -javaagent:D:\IntelliJ IDEA Community Edition 2023.3.4\lib\idea_rt.jar=54343:D:\IntelliJ IDEA Community Edition 2023.3.4\bin -Dfile.encoding=UTF-8 -Dsun.stdout.encoding=UTF-8 -Dsun.stderr.encoding=UTF-8 
java_command: com.petregisterofequipmentnew.PetregisterofequipmentnewApplication
java_class_path (initial): D:\petregisterofequipmentnew\target\classes;C:\Users\vadim\.m2\repository\org\springframework\boot\spring-boot-starter-data-jpa\3.3.4\spring-boot-starter-data-jpa-3.3.4.jar;C:\Users\vadim\.m2\repository\org\springframework\boot\spring-boot-starter-aop\3.3.4\spring-boot-starter-aop-3.3.4.jar;C:\Users\vadim\.m2\repository\org\springframework\spring-aop\6.1.13\spring-aop-6.1.13.jar;C:\Users\vadim\.m2\repository\org\aspectj\aspectjweaver\1.9.22.1\aspectjweaver-1.9.22.1.jar;C:\Users\vadim\.m2\repository\org\springframework\boot\spring-boot-starter-jdbc\3.3.4\spring-boot-starter-jdbc-3.3.4.jar;C:\Users\vadim\.m2\repository\com\zaxxer\HikariCP\5.1.0\HikariCP-5.1.0.jar;C:\Users\vadim\.m2\repository\org\springframework\spring-jdbc\6.1.13\spring-jdbc-6.1.13.jar;C:\Users\vadim\.m2\repository\org\hibernate\orm\hibernate-core\6.5.3.Final\hibernate-core-6.5.3.Final.jar;C:\Users\vadim\.m2\repository\jakarta\persistence\jakarta.persistence-api\3.1.0\jakarta.persistence-api-3.1.0.jar;C:\Users\vadim\.m2\repository\jakarta\transaction\jakarta.transaction-api\2.0.1\jakarta.transaction-api-2.0.1.jar;C:\Users\vadim\.m2\repository\org\jboss\logging\jboss-logging\3.5.3.Final\jboss-logging-3.5.3.Final.jar;C:\Users\vadim\.m2\repository\org\hibernate\common\hibernate-commons-annotations\6.0.6.Final\hibernate-commons-annotations-6.0.6.Final.jar;C:\Users\vadim\.m2\repository\io\smallrye\jandex\3.1.2\jandex-3.1.2.jar;C:\Users\vadim\.m2\repository\com\fasterxml\classmate\1.7.0\classmate-1.7.0.jar;C:\Users\vadim\.m2\repository\net\bytebuddy\byte-buddy\1.14.19\byte-buddy-1.14.19.jar;C:\Users\vadim\.m2\repository\org\glassfish\jaxb\jaxb-runtime\4.0.5\jaxb-runtime-4.0.5.jar;C:\Users\vadim\.m2\repository\org\glassfish\jaxb\jaxb-core\4.0.5\jaxb-core-4.0.5.jar;C:\Users\vadim\.m2\repository\org\eclipse\angus\angus-activation\2.0.2\angus-activation-2.0.2.jar;C:\Users\vadim\.m2\repository\org\glassfish\jaxb\txw2\4.0.5\txw2-4.0.5.jar;C:\Users\vadim\.m2\repository\com\sun\istack\istack-commons-runtime\4.1.2\istack-commons-runtime-4.1.2.jar;C:\Users\vadim\.m2\repository\jakarta\inject\jakarta.inject-api\2.0.1\jakarta.inject-api-2.0.1.jar;C:\Users\vadim\.m2\repository\org\antlr\antlr4-runtime\4.13.0\antlr4-runtime-4.13.0.jar;C:\Users\vadim\.m2\repository\org\springframework\data\spring-data-jpa\3.3.4\spring-data-jpa-3.3.4.jar;C:\Users\vadim\.m2\repository\org\springframework\data\spring-data-commons\3.3.4\spring-data-commons-3.3.4.jar;C:\Users\vadim\.m2\repository\org\springframework\spring-orm\6.1.13\spring-orm-6.1.13.jar;C:\Users\vadim\.m2\repository\org\springframework\spring-context\6.1.13\spring-context-6.1.13.jar;C:\Users\vadim\.m2\repository\org\springframework\spring-tx\6.1.13\spring-tx-6.1.13.jar;C:\Users\vadim\.m2\repository\org\springframework\spring-beans\6.1.13\spring-beans-6.1.13.jar;C:\Users\vadim\.m2\repository\jakarta\annotation\jakarta.annotation-api\2.1.1\jakarta.annotation-api-2.1.1.jar;C:\Users\vadim\.m2\repository\org\slf4j\slf4j-api\2.0.16\slf4j-api-2.0.16.jar;C:\Users\vadim\.m2\repository\org\springframework\spring-aspects\6.1.13\spring-aspects-6.1.13.jar;C:\Users\vadim\.m2\repository\org\springframework\boot\spring-boot-starter-validation\3.3.4\spring-boot-starter-validation-3.3.4.jar;C:\Users\vadim\.m2\repository\org\springframework\boot\spring-boot-starter\3.3.4\spring-boot-starter-3.3.4.jar;C:\Users\vadim\.m2\repository\org\springframework\boot\spring-boot\3.3.4\spring-boot-3.3.4.jar;C:\Users\vadim\.m2\repository\org\springframework\boot\spring-boot-autoconfigure\3.3.4\spring-boot-autoconfigure-3.3.4.jar;C:\Users\vadim\.m2\repository\org\springframework\boot\spring-boot-starter-logging\3.3.4\spring-boot-starter-logging-3.3.4.jar;C:\Users\vadim\.m2\repository\ch\qos\logback\logback-classic\1.5.8\logback-classic-1.5.8.jar;C:\Users\vadim\.m2\repository\ch\qos\logback\logback-core\1.5.8\logback-core-1.5.8.jar;C:\Users\vadim\.m2\repository\org\apache\logging\log4j\log4j-to-slf4j\2.23.1\log4j-to-slf4j-2.23.1.jar;C:\Users\vadim\.m2\repository\org\apache\logging\log4j\log4j-api\2.23.1\log4j-api-2.23.1.jar;C:\Users\vadim\.m2\repository\org\slf4j\jul-to-slf4j\2.0.16\jul-to-slf4j-2.0.16.jar;C:\Users\vadim\.m2\repository\org\apache\tomcat\embed\tomcat-embed-el\10.1.30\tomcat-embed-el-10.1.30.jar;C:\Users\vadim\.m2\repository\org\hibernate\validator\hibernate-validator\8.0.1.Final\hibernate-validator-8.0.1.Final.jar;C:\Users\vadim\.m2\repository\jakarta\validation\jakarta.validation-api\3.0.2\jakarta.validation-api-3.0.2.jar;C:\Users\vadim\.m2\repository\org\springframework\boot\spring-boot-starter-web\3.3.4\spring-boot-starter-web-3.3.4.jar;C:\Users\vadim\.m2\repository\org\springframework\boot\spring-boot-starter-json\3.3.4\spring-boot-starter-json-3.3.4.jar;C:\Users\vadim\.m2\repository\com\fasterxml\jackson\core\jackson-databind\2.17.2\jackson-databind-2.17.2.jar;C:\Users\vadim\.m2\repository\com\fasterxml\jackson\core\jackson-annotations\2.17.2\jackson-annotations-2.17.2.jar;C:\Users\vadim\.m2\repository\com\fasterxml\jackson\core\jackson-core\2.17.2\jackson-core-2.17.2.jar;C:\Users\vadim\.m2\repository\com\fasterxml\jackson\datatype\jackson-datatype-jdk8\2.17.2\jackson-datatype-jdk8-2.17.2.jar;C:\Users\vadim\.m2\repository\com\fasterxml\jackson\datatype\jackson-datatype-jsr310\2.17.2\jackson-datatype-jsr310-2.17.2.jar;C:\Users\vadim\.m2\repository\com\fasterxml\jackson\module\jackson-module-parameter-names\2.17.2\jackson-module-parameter-names-2.17.2.jar;C:\Users\vadim\.m2\repository\org\springframework\boot\spring-boot-starter-tomcat\3.3.4\spring-boot-starter-tomcat-3.3.4.jar;C:\Users\vadim\.m2\repository\org\apache\tomcat\embed\tomcat-embed-core\10.1.30\tomcat-embed-core-10.1.30.jar;C:\Users\vadim\.m2\repository\org\apache\tomcat\embed\tomcat-embed-websocket\10.1.30\tomcat-embed-websocket-10.1.30.jar;C:\Users\vadim\.m2\repository\org\springframework\spring-web\6.1.13\spring-web-6.1.13.jar;C:\Users\vadim\.m2\repository\io\micrometer\micrometer-observation\1.13.4\micrometer-observation-1.13.4.jar;C:\Users\vadim\.m2\repository\io\micrometer\micrometer-commons\1.13.4\micrometer-commons-1.13.4.jar;C:\Users\vadim\.m2\repository\org\springframework\spring-webmvc\6.1.13\spring-webmvc-6.1.13.jar;C:\Users\vadim\.m2\repository\org\springframework\spring-expression\6.1.13\spring-expression-6.1.13.jar;C:\Users\vadim\.m2\repository\org\postgresql\postgresql\42.7.4\postgresql-42.7.4.jar;C:\Users\vadim\.m2\repository\org\checkerframework\checker-qual\3.42.0\checker-qual-3.42.0.jar;C:\Users\vadim\.m2\repository\org\projectlombok\lombok\1.18.34\lombok-1.18.34.jar;C:\Users\vadim\.m2\repository\jakarta\xml\bind\jakarta.xml.bind-api\4.0.2\jakarta.xml.bind-api-4.0.2.jar;C:\Users\vadim\.m2\repository\jakarta\activation\jakarta.activation-api\2.1.3\jakarta.activation-api-2.1.3.jar;C:\Users\vadim\.m2\repository\org\springframework\spring-core\6.1.13\spring-core-6.1.13.jar;C:\Users\vadim\.m2\repository\org\springframework\spring-jcl\6.1.13\spring-jcl-6.1.13.jar;C:\Users\vadim\.m2\repository\org\springdoc\springdoc-openapi-starter-webmvc-ui\2.6.0\springdoc-openapi-starter-webmvc-ui-2.6.0.jar;C:\Users\vadim\.m2\repository\org\springdoc\springdoc-openapi-starter-webmvc-api\2.6.0\springdoc-openapi-starter-webmvc-api-2.6.0.jar;C:\Users\vadim\.m2\repository\org\springdoc\springdoc-openapi-starter-common\2.6.0\springdoc-openapi-starter-common-2.6.0.jar;C:\Users\vadim\.m2\repository\io\swagger\core\v3\swagger-core-jakarta\2.2.22\swagger-core-jakarta-2.2.22.jar;C:\Users\vadim\.m2\repository\io\swagger\core\v3\swagger-annotations-jakarta\2.2.22\swagger-annotations-jakarta-2.2.22.jar;C:\Users\vadim\.m2\repository\io\swagger\core\v3\swagger-models-jakarta\2.2.22\swagger-models-jakarta-2.2.22.jar;C:\Users\vadim\.m2\repository\com\fasterxml\jackson\dataformat\jackson-dataformat-yaml\2.17.2\jackson-dataformat-yaml-2.17.2.jar;C:\Users\vadim\.m2\repository\org\webjars\swagger-ui\5.17.14\swagger-ui-5.17.14.jar;C:\Users\vadim\.m2\repository\com\querydsl\querydsl-apt\5.1.0\querydsl-apt-5.1.0-jakarta.jar;C:\Users\vadim\.m2\repository\com\querydsl\querydsl-codegen\5.1.0\querydsl-codegen-5.1.0.jar;C:\Users\vadim\.m2\repository\com\querydsl\codegen-utils\5.1.0\codegen-utils-5.1.0.jar;C:\Users\vadim\.m2\repository\org\eclipse\jdt\ecj\3.26.0\ecj-3.26.0.jar;C:\Users\vadim\.m2\repository\javax\inject\javax.inject\1\javax.inject-1.jar;C:\Users\vadim\.m2\repository\io\github\classgraph\classgraph\4.8.146\classgraph-4.8.146.jar;C:\Users\vadim\.m2\repository\com\querydsl\querydsl-jpa\5.1.0\querydsl-jpa-5.1.0-jakarta.jar;C:\Users\vadim\.m2\repository\com\querydsl\querydsl-core\5.1.0\querydsl-core-5.1.0.jar;C:\Users\vadim\.m2\repository\com\mysema\commons\mysema-commons-lang\0.2.4\mysema-commons-lang-0.2.4.jar;C:\Users\vadim\.m2\repository\org\liquibase\liquibase-core\4.29.2\liquibase-core-4.29.2.jar;C:\Users\vadim\.m2\repository\com\opencsv\opencsv\5.9\opencsv-5.9.jar;C:\Users\vadim\.m2\repository\org\yaml\snakeyaml\2.2\snakeyaml-2.2.jar;C:\Users\vadim\.m2\repository\javax\xml\bind\jaxb-api\2.3.1\jaxb-api-2.3.1.jar;C:\Users\vadim\.m2\repository\commons-io\commons-io\2.16.1\commons-io-2.16.1.jar;C:\Users\vadim\.m2\repository\org\apache\commons\commons-collections4\4.4\commons-collections4-4.4.jar;C:\Users\vadim\.m2\repository\org\apache\commons\commons-text\1.12.0\commons-text-1.12.0.jar;C:\Users\vadim\.m2\repository\org\apache\commons\commons-lang3\3.14.0\commons-lang3-3.14.0.jar;C:\Users\vadim\.m2\repository\org\springframework\cloud\spring-cloud-starter-openfeign\4.1.3\spring-cloud-starter-openfeign-4.1.3.jar;C:\Users\vadim\.m2\repository\org\springframework\cloud\spring-cloud-starter\4.1.4\spring-cloud-starter-4.1.4.jar;C:\Users\vadim\.m2\repository\org\springframework\cloud\spring-cloud-context\4.1.4\spring-cloud-context-4.1.4.jar;C:\Users\vadim\.m2\repository\org\springframework\security\spring-security-rsa\1.1.3\spring-security-rsa-1.1.3.jar;C:\Users\vadim\.m2\repository\org\bouncycastle\bcprov-jdk18on\1.78\bcprov-jdk18on-1.78.jar;C:\Users\vadim\.m2\repository\org\springframework\cloud\spring-cloud-openfeign-core\4.1.3\spring-cloud-openfeign-core-4.1.3.jar;C:\Users\vadim\.m2\repository\io\github\openfeign\form\feign-form-spring\3.8.0\feign-form-spring-3.8.0.jar;C:\Users\vadim\.m2\repository\io\github\openfeign\form\feign-form\3.8.0\feign-form-3.8.0.jar;C:\Users\vadim\.m2\repository\commons-fileupload\commons-fileupload\1.5\commons-fileupload-1.5.jar;C:\Users\vadim\.m2\repository\org\springframework\cloud\spring-cloud-commons\4.1.4\spring-cloud-commons-4.1.4.jar;C:\Users\vadim\.m2\repository\org\springframework\security\spring-security-crypto\6.3.3\spring-security-crypto-6.3.3.jar;C:\Users\vadim\.m2\repository\io\github\openfeign\feign-core\13.3\feign-core-13.3.jar;C:\Users\vadim\.m2\repository\io\github\openfeign\feign-slf4j\13.3\feign-slf4j-13.3.jar
Launcher Type: SUN_STANDARD

[Global flags]
     intx CICompilerCount                          = 12                                        {product} {ergonomic}
     uint ConcGCThreads                            = 3                                         {product} {ergonomic}
     bool EnableJVMCIProduct                       = true                                {JVMCI product} {jimage}
     uint G1ConcRefinementThreads                  = 13                                        {product} {ergonomic}
   size_t G1HeapRegionSize                         = 4194304                                   {product} {ergonomic}
    uintx GCDrainStackTargetSize                   = 64                                        {product} {ergonomic}
   size_t InitialHeapSize                          = 528482304                                 {product} {ergonomic}
   size_t MarkStackSize                            = 4194304                                   {product} {ergonomic}
   size_t MaxHeapSize                              = 8392802304                                {product} {ergonomic}
   size_t MinHeapDeltaBytes                        = 4194304                                   {product} {ergonomic}
   size_t MinHeapSize                              = 8388608                                   {product} {ergonomic}
    uintx NonNMethodCodeHeapSize                   = 10453100                               {pd product} {ergonomic}
    uintx NonProfiledCodeHeapSize                  = 120602570                              {pd product} {ergonomic}
    uintx ProfiledCodeHeapSize                     = 120602570                              {pd product} {ergonomic}
    uintx ReservedCodeCacheSize                    = 251658240                              {pd product} {ergonomic}
     bool SegmentedCodeCache                       = true                                      {product} {ergonomic}
   size_t SoftMaxHeapSize                          = 8392802304                             {manageable} {ergonomic}
      int ThreadPriorityPolicy                     = 1                                         {product} {jimage}
     bool UseCompressedOops                        = true                           {product lp64_product} {ergonomic}
     bool UseG1GC                                  = true                                      {product} {ergonomic}
     bool UseLargePagesIndividualAllocation        = false                                  {pd product} {ergonomic}

Logging:
Log output configuration:
 #0: stdout all=warning uptime,level,tags foldmultilines=false
 #1: stderr all=off uptime,level,tags foldmultilines=false

Environment Variables:
JAVA_HOME=D:\_app\java_2104
PATH=C:\Windows\system32;C:\Windows;C:\Windows\System32\Wbem;C:\Windows\System32\WindowsPowerShell\v1.0\;C:\Windows\System32\OpenSSH\;C:\Program Files (x86)\NVIDIA Corporation\PhysX\Common;C:\Program Files\NVIDIA Corporation\NVIDIA NvDLISR;C:\Program Files\WireGuard\;C:\Program Files\dotnet\;C:\Program Files\Git\cmd;D:\gradle-8.10\bin\;D:\_app\java_2104\bin\;;C:\Program Files\Docker\Docker\resources\bin;C:\Users\vadim\AppData\Local\Microsoft\WindowsApps;
USERNAME=vadim
OS=Windows_NT
PROCESSOR_IDENTIFIER=AMD64 Family 25 Model 68 Stepping 1, AuthenticAMD
TMP=C:\Users\vadim\AppData\Local\Temp
TEMP=C:\Users\vadim\AppData\Local\Temp




Periodic native trim disabled

---------------  S Y S T E M  ---------------

OS:
 Windows 11 , 64 bit Build 22621 (10.0.22621.4391)
OS uptime: 3 days 23:43 hours
Hyper-V role detected

CPU: total 16 (initial active 16) (16 cores per cpu, 2 threads per core) family 25 model 68 stepping 1 microcode 0x0, cx8, cmov, fxsr, ht, mmx, 3dnowpref, sse, sse2, sse3, ssse3, sse4a, sse4.1, sse4.2, popcnt, lzcnt, tsc, tscinvbit, avx, avx2, aes, erms, clmul, bmi1, bmi2, adx, sha, fma, vzeroupper, clflush, clflushopt, hv, rdtscp, rdpid, fsrm, f16c, cet_ss
Processor Information for all 16 processors :
  Max Mhz: 3301, Current Mhz: 3301, Mhz Limit: 3301

Memory: 4k page, system-wide physical 32012M (5162M free)
TotalPageFile size 56518M (AvailPageFile size 309M)
current process WorkingSet (physical memory assigned to process): 12M, peak: 12M
current process commit charge ("private bytes"): 71M, peak: 575M

vm_info: Java HotSpot(TM) 64-Bit Server VM (21.0.4+8-LTS-jvmci-23.1-b41) for windows-amd64 JRE (21.0.4+8-LTS-jvmci-23.1-b41), built on 2024-06-20T09:06:25Z by "Buildbot" with MS VC++ 17.6 (VS2022)

END.
